TN:
SF:src/index.ts
FN:9,(anonymous_0)
FN:10,(anonymous_1)
FN:13,(anonymous_2)
FN:16,(anonymous_3)
FN:19,(anonymous_4)
FN:52,(anonymous_5)
FN:57,(anonymous_6)
FN:74,(anonymous_7)
FN:75,(anonymous_8)
FN:116,(anonymous_9)
FN:121,(anonymous_10)
FN:148,(anonymous_11)
FN:151,(anonymous_12)
FN:156,(anonymous_13)
FN:198,(anonymous_14)
FN:227,(anonymous_15)
FNF:16
FNH:5
FNDA:1,(anonymous_0)
FNDA:1,(anonymous_1)
FNDA:1,(anonymous_2)
FNDA:1,(anonymous_3)
FNDA:1,(anonymous_4)
FNDA:0,(anonymous_5)
FNDA:0,(anonymous_6)
FNDA:0,(anonymous_7)
FNDA:0,(anonymous_8)
FNDA:0,(anonymous_9)
FNDA:0,(anonymous_10)
FNDA:0,(anonymous_11)
FNDA:0,(anonymous_12)
FNDA:0,(anonymous_13)
FNDA:0,(anonymous_14)
FNDA:0,(anonymous_15)
DA:1,1
DA:2,1
DA:3,1
DA:4,1
DA:8,1
DA:9,1
DA:11,1
DA:14,1
DA:17,1
DA:20,1
DA:27,1
DA:53,0
DA:54,0
DA:57,0
DA:58,0
DA:59,0
DA:62,0
DA:67,0
DA:68,0
DA:71,0
DA:72,0
DA:74,0
DA:75,0
DA:76,0
DA:77,0
DA:80,0
DA:91,1
DA:117,0
DA:118,0
DA:119,0
DA:121,0
DA:122,0
DA:123,0
DA:126,0
DA:131,0
DA:138,1
DA:149,0
DA:150,0
DA:151,0
DA:152,0
DA:153,0
DA:156,0
DA:157,0
DA:158,0
DA:159,0
DA:161,0
DA:162,0
DA:164,0
DA:165,0
DA:167,0
DA:168,0
DA:175,0
DA:183,1
DA:199,0
DA:200,0
DA:201,0
DA:204,0
DA:212,1
DA:228,0
DA:229,0
DA:230,0
DA:231,0
DA:232,0
DA:234,0
DA:235,0
DA:237,0
DA:238,0
DA:240,0
DA:241,0
DA:245,0
DA:250,1
LF:71
LH:16
BRDA:53,0,0,0
BRDA:53,0,1,0
BRDA:58,1,0,0
BRDA:58,1,1,0
BRDA:67,2,0,0
BRDA:67,2,1,0
BRDA:76,3,0,0
BRDA:76,3,1,0
BRDA:117,4,0,0
BRDA:117,4,1,0
BRDA:122,5,0,0
BRDA:122,5,1,0
BRDA:149,6,0,0
BRDA:149,6,1,0
BRDA:152,7,0,0
BRDA:152,7,1,0
BRDA:158,8,0,0
BRDA:158,8,1,0
BRDA:161,9,0,0
BRDA:161,9,1,0
BRDA:164,10,0,0
BRDA:164,10,1,0
BRDA:167,11,0,0
BRDA:167,11,1,0
BRDA:199,12,0,0
BRDA:199,12,1,0
BRDA:228,13,0,0
BRDA:228,13,1,0
BRDA:231,14,0,0
BRDA:231,14,1,0
BRDA:234,15,0,0
BRDA:234,15,1,0
BRDA:237,16,0,0
BRDA:237,16,1,0
BRDA:240,17,0,0
BRDA:240,17,1,0
BRF:36
BRH:0
end_of_record
